-------------------------------------------------------------------------------
Test set: org.directmemory.test.UnitAndPerformanceTest
-------------------------------------------------------------------------------
Tests run: 16, Failures: 0, Errors: 1, Skipped: 0, Time elapsed: 128.28 sec <<< FAILURE!
twentyReadsOneWriteOneDelete20Threads(org.directmemory.test.UnitAndPerformanceTest)  Time elapsed: 10.078 sec  <<< ERROR!
org.databene.contiperf.PerfTestExecutionError: java.lang.NullPointerException
	at org.databene.contiperf.util.ContiPerfUtil.executionError(ContiPerfUtil.java:64)
	at org.databene.contiperf.junit.JUnitInvoker.invoke(JUnitInvoker.java:54)
	at org.databene.contiperf.util.InvokerProxy.invoke(InvokerProxy.java:46)
	at org.databene.contiperf.PerformanceTracker.invoke(PerformanceTracker.java:76)
	at org.databene.contiperf.TimedRunner.run(TimedRunner.java:50)
	at java.lang.Thread.run(Thread.java:662)
Caused by: java.lang.NullPointerException
	at java.io.ByteArrayInputStream.<init>(ByteArrayInputStream.java:89)
	at org.directmemory.utils.SerializationUtils.deserialize(SerializationUtils.java:13)
	at org.directmemory.impl.CacheEntryImpl.getPayload(CacheEntryImpl.java:150)
	at org.directmemory.impl.CacheStoreImpl.get(CacheStoreImpl.java:160)
	at org.directmemory.test.UnitAndPerformanceTest.doSomeReads(UnitAndPerformanceTest.java:149)
	at org.directmemory.test.UnitAndPerformanceTest.twentyReadsOneWriteOneDelete(UnitAndPerformanceTest.java:224)
	at org.directmemory.test.UnitAndPerformanceTest.twentyReadsOneWriteOneDelete20Threads(UnitAndPerformanceTest.java:241)
	at sun.reflect.GeneratedMethodAccessor20.invoke(Unknown Source)
	at sun.reflect.DelegatingMethodAccessorImpl.invoke(DelegatingMethodAccessorImpl.java:25)
	at java.lang.reflect.Method.invoke(Method.java:597)
	at org.junit.runners.model.FrameworkMethod$1.runReflectiveCall(FrameworkMethod.java:44)
	at org.junit.internal.runners.model.ReflectiveCallable.run(ReflectiveCallable.java:15)
	at org.junit.runners.model.FrameworkMethod.invokeExplosively(FrameworkMethod.java:41)
	at org.junit.internal.runners.statements.InvokeMethod.evaluate(InvokeMethod.java:20)
	at org.databene.contiperf.junit.JUnitInvoker.invoke(JUnitInvoker.java:51)
	... 4 more

