<?xml version="1.0" encoding="UTF-8" ?>
<testsuite failures="0" time="128.233" errors="1" skipped="0" tests="16" name="org.directmemory.test.UnitAndPerformanceTest">
  <properties>
[...]
</properties>
  <testcase time="6.031" classname="org.directmemory.test.UnitAndPerformanceTest" name="fillUpTest"/>
  <testcase time="0.016" classname="org.directmemory.test.UnitAndPerformanceTest" name="firstAndLargestItem"/>
  <testcase time="10.015" classname="org.directmemory.test.UnitAndPerformanceTest" name="onlyWrites"/>
  <testcase time="10.203" classname="org.directmemory.test.UnitAndPerformanceTest" name="onlyWrites10Threads"/>
  <testcase time="10.047" classname="org.directmemory.test.UnitAndPerformanceTest" name="onlyWrites20Threads"/>
  <testcase time="1.219" classname="org.directmemory.test.UnitAndPerformanceTest" name="testAll"/>
  <testcase time="10" classname="org.directmemory.test.UnitAndPerformanceTest" name="onlyReads"/>
  <testcase time="10.156" classname="org.directmemory.test.UnitAndPerformanceTest" name="onlyReads10Threads"/>
  <testcase time="10.015" classname="org.directmemory.test.UnitAndPerformanceTest" name="onlyReads20Threads"/>
  <testcase time="10.016" classname="org.directmemory.test.UnitAndPerformanceTest" name="twentyReadsOneWriteOneDelete"/>
  <testcase time="10.062" classname="org.directmemory.test.UnitAndPerformanceTest" name="twentyReadsOneWriteOneDelete10Threads"/>
  <testcase time="10.078" classname="org.directmemory.test.UnitAndPerformanceTest" name="twentyReadsOneWriteOneDelete20Threads">
    <error message="java.lang.NullPointerException" type="org.databene.contiperf.PerfTestExecutionError">org.databene.contiperf.PerfTestExecutionError: java.lang.NullPointerException
	at org.databene.contiperf.util.ContiPerfUtil.executionError(ContiPerfUtil.java:64)
	at org.databene.contiperf.junit.JUnitInvoker.invoke(JUnitInvoker.java:54)
	at org.databene.contiperf.util.InvokerProxy.invoke(InvokerProxy.java:46)
	at org.databene.contiperf.PerformanceTracker.invoke(PerformanceTracker.java:76)
	at org.databene.contiperf.TimedRunner.run(TimedRunner.java:50)
	at java.lang.Thread.run(Thread.java:662)
Caused by: java.lang.NullPointerException
	at java.io.ByteArrayInputStream.&lt;init&gt;(ByteArrayInputStream.java:89)
	at org.directmemory.utils.SerializationUtils.deserialize(SerializationUtils.java:13)
	at org.directmemory.impl.CacheEntryImpl.getPayload(CacheEntryImpl.java:150)
	at org.directmemory.impl.CacheStoreImpl.get(CacheStoreImpl.java:160)
	at org.directmemory.test.UnitAndPerformanceTest.doSomeReads(UnitAndPerformanceTest.java:149)
	at org.directmemory.test.UnitAndPerformanceTest.twentyReadsOneWriteOneDelete(UnitAndPerformanceTest.java:224)
	at org.directmemory.test.UnitAndPerformanceTest.twentyReadsOneWriteOneDelete20Threads(UnitAndPerformanceTest.java:241)
	at sun.reflect.GeneratedMethodAccessor20.invoke(Unknown Source)
	at sun.reflect.DelegatingMethodAccessorImpl.invoke(DelegatingMethodAccessorImpl.java:25)
	at java.lang.reflect.Method.invoke(Method.java:597)
	at org.junit.runners.model.FrameworkMethod$1.runReflectiveCall(FrameworkMethod.java:44)
	at org.junit.internal.runners.model.ReflectiveCallable.run(ReflectiveCallable.java:15)
	at org.junit.runners.model.FrameworkMethod.invokeExplosively(FrameworkMethod.java:41)
	at org.junit.internal.runners.statements.InvokeMethod.evaluate(InvokeMethod.java:20)
	at org.databene.contiperf.junit.JUnitInvoker.invoke(JUnitInvoker.java:51)
	... 4 more
</error>
    <system-out>org.directmemory.test.UnitAndPerformanceTest.twentyReadsOneWriteOneDelete20Threads
21:35:51.008 [Thread-101] ERROR getBuffer - error retrieving buffer: null
21:35:51.039 [Thread-101] ERROR getPayload - error retrieving payload: invalid stream header: 00000000
21:35:52.820 [Thread-87] ERROR getBuffer - error retrieving buffer: null
21:35:52.820 [Thread-87] ERROR getPayload - error retrieving payload: invalid stream header: 00000000
21:35:53.289 [Thread-100] ERROR getBuffer - error retrieving buffer: null
21:35:53.304 [Thread-100] ERROR getPayload - error retrieving payload: invalid stream header: 00000000
21:35:54.273 [Thread-89] ERROR getBuffer - error retrieving buffer: null
21:35:54.273 [Thread-89] ERROR getPayload - error retrieving payload: invalid stream header: 00000000
21:35:54.289 [Thread-93] ERROR getBuffer - error retrieving buffer: null
21:35:54.882 [Thread-90] ERROR getBuffer - error retrieving buffer: null
21:35:54.882 [Thread-90] ERROR getPayload - error retrieving payload: invalid stream header: 00000000
21:35:55.148 [Thread-92] ERROR getBuffer - error retrieving buffer: null
21:35:55.148 [Thread-92] ERROR getPayload - error retrieving payload: invalid stream header: 00000000
21:35:55.804 [Thread-87] ERROR getBuffer - error retrieving buffer: null
21:35:55.836 [Thread-89] ERROR getBuffer - error retrieving buffer: null
21:35:55.851 [Thread-89] ERROR getPayload - error retrieving payload: invalid stream header: 00000000
21:35:55.898 [Thread-91] ERROR getBuffer - error retrieving buffer: null
21:35:55.898 [Thread-95] ERROR getBuffer - error retrieving buffer: null
21:35:55.914 [Thread-95] ERROR getPayload - error retrieving payload: invalid stream header: 00000000
21:35:57.679 [Thread-98] ERROR getBuffer - error retrieving buffer: null
21:35:57.679 [Thread-98] ERROR getPayload - error retrieving payload: invalid stream header: 00000000
21:35:58.054 [Thread-100] ERROR getBuffer - error retrieving buffer: null
21:35:58.054 [Thread-100] ERROR getPayload - error retrieving payload: invalid stream header: 00000000
21:35:58.054 [Thread-95] ERROR getBuffer - error retrieving buffer: null
21:35:59.257 [Thread-89] ERROR getBuffer - error retrieving buffer: null
21:35:59.257 [Thread-89] ERROR getPayload - error retrieving payload: invalid stream header: 00000000
21:35:59.445 [Thread-105] ERROR getBuffer - error retrieving buffer: null
21:35:59.461 [Thread-105] ERROR getPayload - error retrieving payload: invalid stream header: 00000000
21:35:59.461 [Thread-89] ERROR getBuffer - error retrieving buffer: null
21:35:59.461 [Thread-89] ERROR getPayload - error retrieving payload: invalid stream header: 00000000
21:35:59.461 [Thread-86] ERROR getBuffer - error retrieving buffer: null
21:35:59.476 [Thread-92] ERROR getBuffer - error retrieving buffer: null
21:35:59.476 [Thread-92] ERROR getPayload - error retrieving payload: invalid stream header: 00000000
21:35:59.476 [Thread-101] ERROR getBuffer - error retrieving buffer: null
21:35:59.914 [Thread-102] ERROR getBuffer - error retrieving buffer: null
21:35:59.914 [Thread-102] ERROR getPayload - error retrieving payload: invalid stream header: 00000000
21:35:59.992 [Thread-104] ERROR getBuffer - error retrieving buffer: null
21:35:59.992 [Thread-104] ERROR getPayload - error retrieving payload: invalid stream header: 00000000
samples: 104895
max:     741
average: 1.5820296486963155
median:  0
</system-out>
  </testcase>
  <testcase time="0.016" classname="org.directmemory.test.UnitAndPerformanceTest" name="testAllOnceAgain"/>
  <testcase time="10.015" classname="org.directmemory.test.UnitAndPerformanceTest" name="twoReadsOneWriteOneDelete"/>
  <testcase time="10.016" classname="org.directmemory.test.UnitAndPerformanceTest" name="twoReadsOneWriteOneDelete10Threads"/>
  <testcase time="10.031" classname="org.directmemory.test.UnitAndPerformanceTest" name="twoReadsOneWriteOneDelete20Threads"/>
</testsuite>