-------------------------------------------------------------------------------
Test set: org.directmemory.test.BasicStorageTest
-------------------------------------------------------------------------------
Tests run: 5, Failures: 0, Errors: 2, Skipped: 0, Time elapsed: 103.422 sec <<< FAILURE!
manyInsertsOffHeap(org.directmemory.test.BasicStorageTest)  Time elapsed: 0.188 sec  <<< ERROR!
java.lang.OutOfMemoryError: Direct buffer memory
	at java.nio.Bits.reserveMemory(Bits.java:633)
	at java.nio.DirectByteBuffer.<init>(DirectByteBuffer.java:98)
	at java.nio.ByteBuffer.allocateDirect(ByteBuffer.java:288)
	at org.directmemory.storage.OffHeapStorage.addMemoryPageAndGetFirstSlot(OffHeapStorage.java:58)
	at org.directmemory.storage.OffHeapStorage.<init>(OffHeapStorage.java:31)
	at org.directmemory.test.BasicStorageTest.manyInsertsOffHeap(BasicStorageTest.java:53)
	at sun.reflect.NativeMethodAccessorImpl.invoke0(Native Method)
	at sun.reflect.NativeMethodAccessorImpl.invoke(NativeMethodAccessorImpl.java:39)
	at sun.reflect.DelegatingMethodAccessorImpl.invoke(DelegatingMethodAccessorImpl.java:25)
	at java.lang.reflect.Method.invoke(Method.java:597)
	at org.junit.internal.runners.TestMethodRunner.executeMethodBody(TestMethodRunner.java:99)
	at org.junit.internal.runners.TestMethodRunner.runUnprotected(TestMethodRunner.java:81)
	at org.junit.internal.runners.BeforeAndAfterRunner.runProtected(BeforeAndAfterRunner.java:34)
	at org.junit.internal.runners.TestMethodRunner.runMethod(TestMethodRunner.java:75)
	at org.junit.internal.runners.TestMethodRunner.run(TestMethodRunner.java:45)
	at org.junit.internal.runners.TestClassMethodsRunner.invokeTestMethod(TestClassMethodsRunner.java:71)
	at org.junit.internal.runners.TestClassMethodsRunner.run(TestClassMethodsRunner.java:35)
	at org.junit.internal.runners.TestClassRunner$1.runUnprotected(TestClassRunner.java:42)
	at org.junit.internal.runners.BeforeAndAfterRunner.runProtected(BeforeAndAfterRunner.java:34)
	at org.junit.internal.runners.TestClassRunner.run(TestClassRunner.java:52)
	at org.apache.maven.surefire.junit4.JUnit4TestSet.execute(JUnit4TestSet.java:59)
	at org.apache.maven.surefire.suite.AbstractDirectoryTestSuite.executeTestSet(AbstractDirectoryTestSuite.java:115)
	at org.apache.maven.surefire.suite.AbstractDirectoryTestSuite.execute(AbstractDirectoryTestSuite.java:102)
	at org.apache.maven.surefire.Surefire.run(Surefire.java:180)
	at sun.reflect.NativeMethodAccessorImpl.invoke0(Native Method)
	at sun.reflect.NativeMethodAccessorImpl.invoke(NativeMethodAccessorImpl.java:39)
	at sun.reflect.DelegatingMethodAccessorImpl.invoke(DelegatingMethodAccessorImpl.java:25)
	at java.lang.reflect.Method.invoke(Method.java:597)
	at org.apache.maven.surefire.booter.SurefireBooter.runSuitesInProcess(SurefireBooter.java:350)
	at org.apache.maven.surefire.booter.SurefireBooter.main(SurefireBooter.java:1021)

manyInsertsOnOrientDB(org.directmemory.test.BasicStorageTest)  Time elapsed: 102.14 sec  <<< ERROR!
java.lang.OutOfMemoryError: Java heap space
	at java.util.Arrays.copyOfRange(Arrays.java:3209)
	at java.lang.String.<init>(String.java:215)
	at java.lang.StringBuilder.toString(StringBuilder.java:430)
	at com.orientechnologies.orient.core.serialization.serializer.OStringSerializerHelper.smartSplit(OStringSerializerHelper.java:240)
	at com.orientechnologies.orient.core.serialization.serializer.record.string.ORecordSerializerSchemaAware2CSV.fromString(ORecordSerializerSchemaAware2CSV.java:263)
	at com.orientechnologies.orient.core.serialization.serializer.record.string.ORecordSerializerStringAbstract.fromStream(ORecordSerializerStringAbstract.java:47)
	at com.orientechnologies.orient.core.record.ORecordSchemaAwareAbstract.deserializeFields(ORecordSchemaAwareAbstract.java:152)
	at com.orientechnologies.orient.core.record.ORecordVirtualAbstract.checkForFields(ORecordVirtualAbstract.java:128)
	at com.orientechnologies.orient.core.record.impl.ODocument.rawField(ODocument.java:430)
	at com.orientechnologies.orient.core.record.impl.ODocument.field(ODocument.java:462)
	at com.orientechnologies.orient.core.record.impl.ODocument.field(ODocument.java:512)
	at org.directmemory.storage.OrientDBStorage.moveToHeap_aroundBody2(OrientDBStorage.java:103)
	at org.directmemory.storage.OrientDBStorage.moveToHeap_aroundBody3$advice(OrientDBStorage.java:140)
	at org.directmemory.storage.OrientDBStorage.moveToHeap(OrientDBStorage.java:1)
	at org.directmemory.storage.Storage.get(Storage.java:83)
	at org.directmemory.test.BasicStorageTest.repeatedInsert(BasicStorageTest.java:112)
	at org.directmemory.test.BasicStorageTest.manyInsertsOnOrientDB(BasicStorageTest.java:63)
	at sun.reflect.NativeMethodAccessorImpl.invoke0(Native Method)
	at sun.reflect.NativeMethodAccessorImpl.invoke(NativeMethodAccessorImpl.java:39)
	at sun.reflect.DelegatingMethodAccessorImpl.invoke(DelegatingMethodAccessorImpl.java:25)
	at java.lang.reflect.Method.invoke(Method.java:597)
	at org.junit.internal.runners.TestMethodRunner.executeMethodBody(TestMethodRunner.java:99)
	at org.junit.internal.runners.TestMethodRunner.runUnprotected(TestMethodRunner.java:81)
	at org.junit.internal.runners.BeforeAndAfterRunner.runProtected(BeforeAndAfterRunner.java:34)
	at org.junit.internal.runners.TestMethodRunner.runMethod(TestMethodRunner.java:75)
	at org.junit.internal.runners.TestMethodRunner.run(TestMethodRunner.java:45)
	at org.junit.internal.runners.TestClassMethodsRunner.invokeTestMethod(TestClassMethodsRunner.java:71)
	at org.junit.internal.runners.TestClassMethodsRunner.run(TestClassMethodsRunner.java:35)
	at org.junit.internal.runners.TestClassRunner$1.runUnprotected(TestClassRunner.java:42)
	at org.junit.internal.runners.BeforeAndAfterRunner.runProtected(BeforeAndAfterRunner.java:34)
	at org.junit.internal.runners.TestClassRunner.run(TestClassRunner.java:52)
	at org.apache.maven.surefire.junit4.JUnit4TestSet.execute(JUnit4TestSet.java:59)

