<?xml version="1.0" encoding="UTF-8" ?>
<testsuite failures="0" time="13.578" errors="0" skipped="0" tests="6" name="org.directmemory.test.BasicStorageTest">
  <properties>
[...]
</properties>
  <testcase time="0.109" classname="org.directmemory.test.BasicStorageTest" name="offHeapStorage"/>
  <testcase time="0.094" classname="org.directmemory.test.BasicStorageTest" name="fileStorage"/>
  <testcase time="5.891" classname="org.directmemory.test.BasicStorageTest" name="orientDBStorage"/>
  <testcase time="0.125" classname="org.directmemory.test.BasicStorageTest" name="manyInsertsOffHeap"/>
  <testcase time="0.172" classname="org.directmemory.test.BasicStorageTest" name="manyInsertsOnDisk"/>
  <testcase time="7.156" classname="org.directmemory.test.BasicStorageTest" name="manyInsertsOnOrientDB"/>
</testsuite>