<?xml version="1.0" encoding="UTF-8" ?>
<testsuite errors="1" failures="0" hostname="PO042D9417" name="org.directcache.test.LoadTest" tests="1" time="0.0" timestamp="2010-12-05T18:05:48">
  <properties>
[...]
</properties>
  <testcase classname="org.directcache.test.LoadTest" name="fourReadsOneWriteForSomeMinutes" time="0.11">
    <error message="Forked Java VM exited abnormally. Please note the time in the report does not reflect the time until the VM exit." type="junit.framework.AssertionFailedError">junit.framework.AssertionFailedError: Forked Java VM exited abnormally. Please note the time in the report does not reflect the time until the VM exit.
</error>
  </testcase>
</testsuite>
