<?xml version="1.0" encoding="UTF-8" ?>
<testsuites>
  <testsuite errors="0" failures="0" hostname="PO042D9417" id="0" name="PerformanceTest" package="org.directcache.test" tests="11" time="60.172" timestamp="2010-12-12T22:59:15">
      <properties>
[...]
</properties>

      <testcase classname="org.directcache.test.PerformanceTest" name="firstAndLargestItem" time="0.047" />

      <testcase classname="org.directcache.test.PerformanceTest" name="testAll" time="0.0" />

      <testcase classname="org.directcache.test.PerformanceTest" name="fillCacheUpToHalfCapacity" time="8.25" />

      <testcase classname="org.directcache.test.PerformanceTest" name="testAllAgain" time="0.844" />

      <testcase classname="org.directcache.test.PerformanceTest" name="onlyReads" time="10.016" />

      <testcase classname="org.directcache.test.PerformanceTest" name="onlyWrites" time="0.546" />

      <testcase classname="org.directcache.test.PerformanceTest" name="tenReadsOneWriteOneDelete" time="10.0" />

      <testcase classname="org.directcache.test.PerformanceTest" name="fiveReadsOneWriteOneDelete" time="10.0" />

      <testcase classname="org.directcache.test.PerformanceTest" name="twoReadsOneWriteOneDelete" time="10.0" />

      <testcase classname="org.directcache.test.PerformanceTest" name="oneReadOneWriteOneDelete" time="10.0" />

      <testcase classname="org.directcache.test.PerformanceTest" name="testAllOnceAgain" time="0.079" />

      <system-out><![CDATA[23:59:15.766 [main] DEBUG org.directcache.test.PerformanceTest.allocateMemory - using mb2useFromCommandLine=400
23:59:15.766 [main] DEBUG org.directcache.test.PerformanceTest.allocateMemory - cacheSize=419430400
23:59:16.125 [main] DEBUG org.directcache.test.PerformanceTest.allocateMemory - DirectCache {entries: 0, capacity (mb): 400, size (mb): 0, remaining (mb): 400}
org.directcache.test.PerformanceTest.firstAndLargestItem
23:59:16.172 [main] DEBUG org.directcache.test.PerformanceTest.firstAndLargestItem - DirectCache {entries: 1, capacity (mb): 400, size (mb): 0, remaining (mb): 399}
samples: 1
max:     24
average: 24.0
median:  24
org.directcache.test.PerformanceTest.testAll
23:59:16.172 [main] DEBUG org.directcache.test.PerformanceTest.testAll - all objects checked
23:59:16.172 [main] DEBUG org.directcache.test.PerformanceTest.testAll - DirectCache {entries: 1, capacity (mb): 400, size (mb): 0, remaining (mb): 399}
samples: 1
max:     3
average: 3.0
median:  3
org.directcache.test.PerformanceTest.fillCacheUpToHalfCapacity
23:59:24.422 [main] DEBUG org.directcache.test.PerformanceTest.fillCacheUpToHalfCapacity - DirectCache {entries: 49146, capacity (mb): 400, size (mb): 200, remaining (mb): 0}
samples: 1
max:     8249
average: 8249.0
median:  8249
org.directcache.test.PerformanceTest.testAllAgain
23:59:25.266 [main] DEBUG org.directcache.test.PerformanceTest.testAll - all objects checked
23:59:25.266 [main] DEBUG org.directcache.test.PerformanceTest.testAll - DirectCache {entries: 49146, capacity (mb): 400, size (mb): 200, remaining (mb): 0}
samples: 1
max:     846
average: 846.0
median:  846
org.directcache.test.PerformanceTest.onlyReads
samples: 159311
max:     29
average: 0.19261067973962878
median:  0
org.directcache.test.PerformanceTest.onlyWrites
samples: 18384
max:     40
average: 0.07789382071366406
median:  0
org.directcache.test.PerformanceTest.tenReadsOneWriteOneDelete
samples: 16277
max:     48
average: 2.5745530503163976
median:  2
org.directcache.test.PerformanceTest.fiveReadsOneWriteOneDelete
samples: 16654
max:     60
average: 2.5189143749249427
median:  2
org.directcache.test.PerformanceTest.twoReadsOneWriteOneDelete
samples: 5943
max:     67
average: 7.905771495877503
median:  7
org.directcache.test.PerformanceTest.oneReadOneWriteOneDelete
samples: 4318
max:     73
average: 11.077350625289485
median:  11
org.directcache.test.PerformanceTest.testAllOnceAgain
00:00:15.907 [main] DEBUG org.directcache.test.PerformanceTest.testAll - all objects checked
00:00:15.907 [main] DEBUG org.directcache.test.PerformanceTest.testAll - DirectCache {entries: 76026, capacity (mb): 400, size (mb): 309, remaining (mb): -218}
samples: 1
max:     71
average: 71.0
median:  71
00:00:15.907 [main] DEBUG org.directcache.test.PerformanceTest.checkBuffer - DirectCache {entries: 76026, capacity (mb): 400, size (mb): 309, remaining (mb): -218}
]]></system-out>

      <system-err />

  </testsuite>
  <testsuite errors="7" failures="0" hostname="PO042D9417" id="1" name="PerformanceWithSmallBuffersTest" package="org.directcache.test" tests="15" time="120.531" timestamp="2010-12-13T20:30:34">
      <properties>
[...]
</properties>

      <testcase classname="org.directcache.test.PerformanceWithSmallBuffersTest" name="firstAndLargestItem" time="0.032" />

      <testcase classname="org.directcache.test.PerformanceWithSmallBuffersTest" name="onlyWrites" time="10.156">
          <error message="java.lang.OutOfMemoryError: Direct buffer memory" type="org.databene.contiperf.PerfTestExecutionError">org.databene.contiperf.PerfTestExecutionError: java.lang.OutOfMemoryError: Direct buffer memory
	at org.databene.contiperf.util.ContiPerfUtil.executionError(ContiPerfUtil.java:64)
	at org.databene.contiperf.junit.JUnitInvoker.invoke(JUnitInvoker.java:54)
	at org.databene.contiperf.util.InvokerProxy.invoke(InvokerProxy.java:46)
	at org.databene.contiperf.PerformanceTracker.invoke(PerformanceTracker.java:76)
	at org.databene.contiperf.TimedRunner.run(TimedRunner.java:50)
	at java.lang.Thread.run(Thread.java:662)
Caused by: java.lang.OutOfMemoryError: Direct buffer memory
	at java.nio.Bits.reserveMemory(Bits.java:633)
	at java.nio.DirectByteBuffer.&lt;init&gt;(DirectByteBuffer.java:98)
	at java.nio.ByteBuffer.allocateDirect(ByteBuffer.java:288)
	at org.directcache.buffer.CacheEntryWithBuffer.&lt;init&gt;(CacheEntryWithBuffer.java:41)
	at org.directcache.DirectCacheWithSmallBuffers.storeObject(DirectCacheWithSmallBuffers.java:111)
	at org.directcache.DirectCacheWithSmallBuffers.storeObject(DirectCacheWithSmallBuffers.java:81)
	at org.directcache.test.PerformanceWithSmallBuffersTest.onlyWrites(PerformanceWithSmallBuffersTest.java:88)
	at org.databene.contiperf.junit.JUnitInvoker.invoke(JUnitInvoker.java:51)
</error>

      </testcase>

      <testcase classname="org.directcache.test.PerformanceWithSmallBuffersTest" name="onlyWrites10Threads" time="10.016">
          <error message="Average execution time of org.directcache.test.PerformanceWithSmallBuffersTest.onlyWrites10Threads exceeded the requirement of 2.0 ms, measured 2.5995977011494253 ms" type="org.databene.contiperf.PerfTestFailure">org.databene.contiperf.PerfTestFailure: Average execution time of org.directcache.test.PerformanceWithSmallBuffersTest.onlyWrites10Threads exceeded the requirement of 2.0 ms, measured 2.5995977011494253 ms
	at org.databene.contiperf.PerformanceTracker.checkRequirements(PerformanceTracker.java:121)
	at org.databene.contiperf.PerformanceTracker.stop(PerformanceTracker.java:92)
	at org.databene.contiperf.junit.PerfTestStatement.evaluate(PerfTestStatement.java:75)
</error>

      </testcase>

      <testcase classname="org.directcache.test.PerformanceWithSmallBuffersTest" name="onlyWrites20Threads" time="10.0">
          <error message="Average execution time of org.directcache.test.PerformanceWithSmallBuffersTest.onlyWrites20Threads exceeded the requirement of 4.5 ms, measured 8.064351890493281 ms" type="org.databene.contiperf.PerfTestFailure">org.databene.contiperf.PerfTestFailure: Average execution time of org.directcache.test.PerformanceWithSmallBuffersTest.onlyWrites20Threads exceeded the requirement of 4.5 ms, measured 8.064351890493281 ms
	at org.databene.contiperf.PerformanceTracker.checkRequirements(PerformanceTracker.java:121)
	at org.databene.contiperf.PerformanceTracker.stop(PerformanceTracker.java:92)
	at org.databene.contiperf.junit.PerfTestStatement.evaluate(PerfTestStatement.java:75)
</error>

      </testcase>

      <testcase classname="org.directcache.test.PerformanceWithSmallBuffersTest" name="testAll" time="0.187" />

      <testcase classname="org.directcache.test.PerformanceWithSmallBuffersTest" name="onlyReads" time="10.0" />

      <testcase classname="org.directcache.test.PerformanceWithSmallBuffersTest" name="onlyReads10Threads" time="10.078" />

      <testcase classname="org.directcache.test.PerformanceWithSmallBuffersTest" name="onlyReads20Threads" time="10.188">
          <error message="The maximum latency of 750.0 ms was exceeded, Measured: 953 ms" type="org.databene.contiperf.PerfTestFailure">org.databene.contiperf.PerfTestFailure: The maximum latency of 750.0 ms was exceeded, Measured: 953 ms
	at org.databene.contiperf.PerformanceTracker.checkRequirements(PerformanceTracker.java:103)
	at org.databene.contiperf.PerformanceTracker.stop(PerformanceTracker.java:92)
	at org.databene.contiperf.junit.PerfTestStatement.evaluate(PerfTestStatement.java:75)
</error>

      </testcase>

      <testcase classname="org.directcache.test.PerformanceWithSmallBuffersTest" name="twentyReadsOneWriteOneDelete" time="10.015" />

      <testcase classname="org.directcache.test.PerformanceWithSmallBuffersTest" name="twentyReadsOneWriteOneDelete10Threads" time="10.063">
          <error message="Average execution time of org.directcache.test.PerformanceWithSmallBuffersTest.twentyReadsOneWriteOneDelete10Threads exceeded the requirement of 3.0 ms, measured 3.394914785084424 ms" type="org.databene.contiperf.PerfTestFailure">org.databene.contiperf.PerfTestFailure: Average execution time of org.directcache.test.PerformanceWithSmallBuffersTest.twentyReadsOneWriteOneDelete10Threads exceeded the requirement of 3.0 ms, measured 3.394914785084424 ms
	at org.databene.contiperf.PerformanceTracker.checkRequirements(PerformanceTracker.java:121)
	at org.databene.contiperf.PerformanceTracker.stop(PerformanceTracker.java:92)
	at org.databene.contiperf.junit.PerfTestStatement.evaluate(PerfTestStatement.java:75)
</error>

      </testcase>

      <testcase classname="org.directcache.test.PerformanceWithSmallBuffersTest" name="twentyReadsOneWriteOneDelete20Threads" time="10.187" />

      <testcase classname="org.directcache.test.PerformanceWithSmallBuffersTest" name="testAllOnceAgain" time="0.719" />

      <testcase classname="org.directcache.test.PerformanceWithSmallBuffersTest" name="twoReadsOneWriteOneDelete" time="10.016">
          <error message="java.lang.OutOfMemoryError: Direct buffer memory" type="org.databene.contiperf.PerfTestExecutionError">org.databene.contiperf.PerfTestExecutionError: java.lang.OutOfMemoryError: Direct buffer memory
	at org.databene.contiperf.util.ContiPerfUtil.executionError(ContiPerfUtil.java:64)
	at org.databene.contiperf.junit.JUnitInvoker.invoke(JUnitInvoker.java:54)
	at org.databene.contiperf.util.InvokerProxy.invoke(InvokerProxy.java:46)
	at org.databene.contiperf.PerformanceTracker.invoke(PerformanceTracker.java:76)
	at org.databene.contiperf.TimedRunner.run(TimedRunner.java:50)
	at java.lang.Thread.run(Thread.java:662)
Caused by: java.lang.OutOfMemoryError: Direct buffer memory
	at java.nio.Bits.reserveMemory(Bits.java:633)
	at java.nio.DirectByteBuffer.&lt;init&gt;(DirectByteBuffer.java:98)
	at java.nio.ByteBuffer.allocateDirect(ByteBuffer.java:288)
	at org.directcache.buffer.CacheEntryWithBuffer.&lt;init&gt;(CacheEntryWithBuffer.java:41)
	at org.directcache.DirectCacheWithSmallBuffers.storeObject(DirectCacheWithSmallBuffers.java:111)
	at org.directcache.DirectCacheWithSmallBuffers.storeObject(DirectCacheWithSmallBuffers.java:81)
	at org.directcache.test.PerformanceWithSmallBuffersTest.twoReadsOneWriteOneDelete(PerformanceWithSmallBuffersTest.java:180)
	at org.databene.contiperf.junit.JUnitInvoker.invoke(JUnitInvoker.java:51)
</error>

      </testcase>

      <testcase classname="org.directcache.test.PerformanceWithSmallBuffersTest" name="twoReadsOneWriteOneDelete10Threads" time="10.015" />

      <testcase classname="org.directcache.test.PerformanceWithSmallBuffersTest" name="twoReadsOneWriteOneDelete20Threads" time="8.813">
          <error message="The maximum latency of 1500.0 ms was exceeded, Measured: 1860 ms" type="org.databene.contiperf.PerfTestFailure">org.databene.contiperf.PerfTestFailure: The maximum latency of 1500.0 ms was exceeded, Measured: 1860 ms
	at org.databene.contiperf.PerformanceTracker.checkRequirements(PerformanceTracker.java:103)
	at org.databene.contiperf.PerformanceTracker.stop(PerformanceTracker.java:92)
	at org.databene.contiperf.junit.PerfTestStatement.evaluate(PerfTestStatement.java:75)
</error>

      </testcase>

      <system-out><![CDATA[21:30:34.156 [main] DEBUG org.directcache.test.PerformanceWithSmallBuffersTest.allocateMemory - using mb2useFromCommandLine=400
21:30:34.156 [main] DEBUG org.directcache.test.PerformanceWithSmallBuffersTest.allocateMemory - cacheSize=419430400
21:30:34.171 [main] DEBUG org.directcache.test.PerformanceWithSmallBuffersTest.allocateMemory - DirectCache {entries: 0, capacity (mb): 400, size (mb): 0, remaining (mb): 400}
org.directcache.test.PerformanceWithSmallBuffersTest.firstAndLargestItem
21:30:34.203 [main] DEBUG org.directcache.test.PerformanceWithSmallBuffersTest.firstAndLargestItem - DirectCache {entries: 1, capacity (mb): 400, size (mb): 0, remaining (mb): 399}
samples: 1
max:     18
average: 18.0
median:  18
org.directcache.test.PerformanceWithSmallBuffersTest.onlyWrites
samples: 154877
max:     978
average: 0.21918683858804083
median:  0
org.directcache.test.PerformanceWithSmallBuffersTest.onlyWrites10Threads
samples: 34800
max:     402
average: 2.5995977011494253
median:  0
org.directcache.test.PerformanceWithSmallBuffersTest.onlyWrites20Threads
samples: 23962
max:     94
average: 8.064351890493281
median:  0
org.directcache.test.PerformanceWithSmallBuffersTest.testAll
21:31:04.562 [main] DEBUG org.directcache.test.PerformanceWithSmallBuffersTest.testAll - all objects checked
21:31:04.562 [main] DEBUG org.directcache.test.PerformanceWithSmallBuffersTest.testAll - DirectCache {entries: 107381, capacity (mb): 400, size (mb): 400, remaining (mb): 0}
samples: 1
max:     189
average: 189.0
median:  189
org.directcache.test.PerformanceWithSmallBuffersTest.onlyReads
samples: 551097
max:     153
average: 0.058985986133112685
median:  0
org.directcache.test.PerformanceWithSmallBuffersTest.onlyReads10Threads
samples: 550379
max:     647
average: 0.14755650197409423
median:  0
org.directcache.test.PerformanceWithSmallBuffersTest.onlyReads20Threads
samples: 550019
max:     953
average: 0.33159945383704925
median:  0
org.directcache.test.PerformanceWithSmallBuffersTest.twentyReadsOneWriteOneDelete
samples: 25416
max:     318
average: 1.3953415171545482
median:  0
org.directcache.test.PerformanceWithSmallBuffersTest.twentyReadsOneWriteOneDelete10Threads
samples: 25289
max:     594
average: 3.394914785084424
median:  0
org.directcache.test.PerformanceWithSmallBuffersTest.twentyReadsOneWriteOneDelete20Threads
samples: 25531
max:     971
average: 7.2491480944733855
median:  0
org.directcache.test.PerformanceWithSmallBuffersTest.testAllOnceAgain
21:32:05.812 [main] DEBUG org.directcache.test.PerformanceWithSmallBuffersTest.testAll - all objects checked
21:32:05.812 [main] DEBUG org.directcache.test.PerformanceWithSmallBuffersTest.testAll - DirectCache {entries: 103393, capacity (mb): 400, size (mb): 399, remaining (mb): 0}
samples: 1
max:     724
average: 724.0
median:  724
org.directcache.test.PerformanceWithSmallBuffersTest.twoReadsOneWriteOneDelete
samples: 92545
max:     610
average: 0.2706683235182884
median:  0
org.directcache.test.PerformanceWithSmallBuffersTest.twoReadsOneWriteOneDelete10Threads
samples: 85865
max:     1389
average: 1.0091888429511442
median:  0
org.directcache.test.PerformanceWithSmallBuffersTest.twoReadsOneWriteOneDelete20Threads
samples: 66555
max:     1860
average: 1.9530163023063631
median:  0
21:32:34.656 [main] DEBUG org.directcache.test.PerformanceWithSmallBuffersTest.checkBuffer - DirectCache {entries: 100265, capacity (mb): 400, size (mb): 399, remaining (mb): 0}
]]></system-out>

      <system-err />

  </testsuite>
</testsuites>
