<?xml version="1.0" encoding="UTF-8" ?>
<testsuites>
  <testsuite errors="0" failures="0" hostname="PO042D9417" id="0" name="UnitAndPerformanceTests" package="org.directmemory.test" tests="16" time="130.031" timestamp="2010-12-19T22:20:09">
      <properties>
[...]
</properties>

      <testcase classname="org.directmemory.test.UnitAndPerformanceTests" name="fillUpTest" time="6.156" />

      <testcase classname="org.directmemory.test.UnitAndPerformanceTests" name="firstAndLargestItem" time="0.016" />

      <testcase classname="org.directmemory.test.UnitAndPerformanceTests" name="onlyWrites" time="10.047" />

      <testcase classname="org.directmemory.test.UnitAndPerformanceTests" name="onlyWrites10Threads" time="10.047" />

      <testcase classname="org.directmemory.test.UnitAndPerformanceTests" name="onlyWrites20Threads" time="10.656" />

      <testcase classname="org.directmemory.test.UnitAndPerformanceTests" name="testAll" time="2.422" />

      <testcase classname="org.directmemory.test.UnitAndPerformanceTests" name="onlyReads" time="10.0" />

      <testcase classname="org.directmemory.test.UnitAndPerformanceTests" name="onlyReads10Threads" time="10.062" />

      <testcase classname="org.directmemory.test.UnitAndPerformanceTests" name="onlyReads20Threads" time="10.235" />

      <testcase classname="org.directmemory.test.UnitAndPerformanceTests" name="twentyReadsOneWriteOneDelete" time="10.0" />

      <testcase classname="org.directmemory.test.UnitAndPerformanceTests" name="twentyReadsOneWriteOneDelete10Threads" time="10.047" />

      <testcase classname="org.directmemory.test.UnitAndPerformanceTests" name="twentyReadsOneWriteOneDelete20Threads" time="10.078" />

      <testcase classname="org.directmemory.test.UnitAndPerformanceTests" name="testAllOnceAgain" time="0.093" />

      <testcase classname="org.directmemory.test.UnitAndPerformanceTests" name="twoReadsOneWriteOneDelete" time="10.016" />

      <testcase classname="org.directmemory.test.UnitAndPerformanceTests" name="twoReadsOneWriteOneDelete10Threads" time="10.031" />

      <testcase classname="org.directmemory.test.UnitAndPerformanceTests" name="twoReadsOneWriteOneDelete20Threads" time="10.047" />

      <system-out><![CDATA[23:20:09.765 [main] DEBUG allocateMemory - using mb2useFromCommandLine=200
23:20:09.781 [main] DEBUG allocateMemory - cacheSize=209715200
23:20:09.796 [main] DEBUG allocateMemory - DirectCacheImpl {supervisor: class org.directmemory.impl.SimpleCacheSupervisor, entries: 0, capacity (mb): 200, size (mb): 0, remaining (mb): 200}
org.directmemory.test.UnitAndPerformanceTests.fillUpTest
23:20:09.828 [main] DEBUG belowLimit - started
23:20:12.562 [main] DEBUG belowLimit - finished in 2734 msecs
23:20:12.562 [main] DEBUG belowLimit - DirectCacheImpl {supervisor: class org.directmemory.impl.SimpleCacheSupervisor, entries: 40960, capacity (mb): 50, size (mb): 47, remaining (mb): 2}
23:20:12.562 [main] DEBUG belowLimit - DirectCacheImpl {supervisor: class org.directmemory.impl.SimpleCacheSupervisor, entries: 0, capacity (mb): 50, size (mb): 0, remaining (mb): 50}
23:20:12.562 [main] DEBUG aboveLimit - started
23:20:15.968 [main] DEBUG aboveLimit - finished in 3406 msecs
23:20:15.968 [main] DEBUG aboveLimit - DirectCacheImpl {supervisor: class org.directmemory.impl.SimpleCacheSupervisor, entries: 43188, capacity (mb): 50, size (mb): 49, remaining (mb): 0}
23:20:15.968 [main] DEBUG aboveLimit - DirectCacheImpl {supervisor: class org.directmemory.impl.SimpleCacheSupervisor, entries: 0, capacity (mb): 50, size (mb): 0, remaining (mb): 50}
samples: 1
max:     6149
average: 6149.0
median:  6149
org.directmemory.test.UnitAndPerformanceTests.firstAndLargestItem
23:20:15.984 [main] DEBUG firstAndLargestItem - DirectCacheImpl {supervisor: class org.directmemory.impl.SimpleCacheSupervisor, entries: 1, capacity (mb): 200, size (mb): 0, remaining (mb): 199}
samples: 1
max:     9
average: 9.0
median:  9
org.directmemory.test.UnitAndPerformanceTests.onlyWrites
samples: 222621
max:     195
average: 0.15797701025509722
median:  0
org.directmemory.test.UnitAndPerformanceTests.onlyWrites10Threads
samples: 209778
max:     1097
average: 0.40552393482634025
median:  0
org.directmemory.test.UnitAndPerformanceTests.onlyWrites20Threads
samples: 157872
max:     2477
average: 1.2264366068713894
median:  0
org.directmemory.test.UnitAndPerformanceTests.testAll
23:20:49.156 [main] DEBUG testAll - **** computed size is: 212835756
23:20:49.156 [main] DEBUG testAll - DirectCacheImpl {supervisor: class org.directmemory.impl.SimpleCacheSupervisor, entries: 49938, capacity (mb): 200, size (mb): 203, remaining (mb): -3}
samples: 1
max:     2410
average: 2410.0
median:  2410
org.directmemory.test.UnitAndPerformanceTests.onlyReads
samples: 2954523
max:     113
average: 0.0075748267994529064
median:  0
org.directmemory.test.UnitAndPerformanceTests.onlyReads10Threads
samples: 2927040
max:     450
average: 0.01797788892533071
median:  0
org.directmemory.test.UnitAndPerformanceTests.onlyReads20Threads
samples: 2971768
max:     843
average: 0.029969701537939705
median:  0
org.directmemory.test.UnitAndPerformanceTests.twentyReadsOneWriteOneDelete
23:21:24.234 [Thread-75] ERROR getBuffer - error retrieving buffer: null
23:21:24.234 [Thread-75] ERROR retrieveObject - IOException deserializing object with key 'key4460' with size 12452
samples: 38711
max:     150
average: 0.9018883521479683
median:  0
org.directmemory.test.UnitAndPerformanceTests.twentyReadsOneWriteOneDelete10Threads
23:21:37.781 [Thread-76] ERROR getBuffer - error retrieving buffer: null
23:21:37.781 [Thread-76] ERROR retrieveObject - IOException deserializing object with key 'key5614' with size 16548
samples: 37359
max:     844
average: 2.2993656147113146
median:  0
org.directmemory.test.UnitAndPerformanceTests.twentyReadsOneWriteOneDelete20Threads
23:21:39.765 [Thread-96] ERROR getBuffer - error retrieving buffer: null
23:21:39.765 [Thread-96] ERROR retrieveObject - IOException deserializing object with key 'key7973' with size 12452
23:21:40.625 [Thread-99] ERROR getBuffer - error retrieving buffer: null
23:21:40.625 [Thread-99] ERROR retrieveObject - IOException deserializing object with key 'key15889' with size 12453
23:21:41.875 [Thread-98] ERROR getBuffer - error retrieving buffer: null
23:21:41.875 [Thread-98] ERROR retrieveObject - IOException deserializing object with key 'key17963' with size 8357
samples: 65163
max:     628
average: 2.8322821232908244
median:  0
org.directmemory.test.UnitAndPerformanceTests.testAllOnceAgain
23:21:49.671 [main] DEBUG testAll - **** computed size is: 12695946
23:21:49.671 [main] DEBUG testAll - DirectCacheImpl {supervisor: class org.directmemory.impl.SimpleCacheSupervisor, entries: 1581, capacity (mb): 200, size (mb): 194, remaining (mb): 5}
samples: 1
max:     91
average: 91.0
median:  91
org.directmemory.test.UnitAndPerformanceTests.twoReadsOneWriteOneDelete
samples: 156127
max:     75
average: 0.2112959321577946
median:  0
org.directmemory.test.UnitAndPerformanceTests.twoReadsOneWriteOneDelete10Threads
23:22:02.156 [Thread-118] ERROR getBuffer - error retrieving buffer: null
23:22:02.171 [Thread-118] ERROR retrieveObject - IOException deserializing object with key 'key27629' with size 16549
23:22:07.453 [Thread-117] ERROR getBuffer - error retrieving buffer: null
23:22:07.468 [Thread-117] ERROR retrieveObject - IOException deserializing object with key 'key36911' with size 16549
samples: 157974
max:     173
average: 0.5161862078569891
median:  0
org.directmemory.test.UnitAndPerformanceTests.twoReadsOneWriteOneDelete20Threads
23:22:16.375 [Thread-134] ERROR getBuffer - error retrieving buffer: null
23:22:16.390 [Thread-134] ERROR retrieveObject - IOException deserializing object with key 'key1033' with size 8356
samples: 157185
max:     269
average: 1.1528008397747878
median:  0
23:22:19.765 [main] DEBUG checkBuffer - DirectCacheImpl {supervisor: class org.directmemory.impl.SimpleCacheSupervisor, entries: 30, capacity (mb): 200, size (mb): 227, remaining (mb): -27}
]]></system-out>

      <system-err />

  </testsuite>
</testsuites>
