<?xml version="1.0" encoding="UTF-8" ?>
<testsuites>
  <testsuite errors="0" failures="0" hostname="PO042D9417" id="0" name="PerformanceTest" package="org.directcache.test" tests="11" time="60.172" timestamp="2010-12-12T22:59:15">
      <properties>
[...]
</properties>

      <testcase classname="org.directcache.test.PerformanceTest" name="firstAndLargestItem" time="0.047" />

      <testcase classname="org.directcache.test.PerformanceTest" name="testAll" time="0.0" />

      <testcase classname="org.directcache.test.PerformanceTest" name="fillCacheUpToHalfCapacity" time="8.25" />

      <testcase classname="org.directcache.test.PerformanceTest" name="testAllAgain" time="0.844" />

      <testcase classname="org.directcache.test.PerformanceTest" name="onlyReads" time="10.016" />

      <testcase classname="org.directcache.test.PerformanceTest" name="onlyWrites" time="0.546" />

      <testcase classname="org.directcache.test.PerformanceTest" name="tenReadsOneWriteOneDelete" time="10.0" />

      <testcase classname="org.directcache.test.PerformanceTest" name="fiveReadsOneWriteOneDelete" time="10.0" />

      <testcase classname="org.directcache.test.PerformanceTest" name="twoReadsOneWriteOneDelete" time="10.0" />

      <testcase classname="org.directcache.test.PerformanceTest" name="oneReadOneWriteOneDelete" time="10.0" />

      <testcase classname="org.directcache.test.PerformanceTest" name="testAllOnceAgain" time="0.079" />

      <system-out><![CDATA[23:59:15.766 [main] DEBUG org.directcache.test.PerformanceTest.allocateMemory - using mb2useFromCommandLine=400
23:59:15.766 [main] DEBUG org.directcache.test.PerformanceTest.allocateMemory - cacheSize=419430400
23:59:16.125 [main] DEBUG org.directcache.test.PerformanceTest.allocateMemory - DirectCache {entries: 0, capacity (mb): 400, size (mb): 0, remaining (mb): 400}
org.directcache.test.PerformanceTest.firstAndLargestItem
23:59:16.172 [main] DEBUG org.directcache.test.PerformanceTest.firstAndLargestItem - DirectCache {entries: 1, capacity (mb): 400, size (mb): 0, remaining (mb): 399}
samples: 1
max:     24
average: 24.0
median:  24
org.directcache.test.PerformanceTest.testAll
23:59:16.172 [main] DEBUG org.directcache.test.PerformanceTest.testAll - all objects checked
23:59:16.172 [main] DEBUG org.directcache.test.PerformanceTest.testAll - DirectCache {entries: 1, capacity (mb): 400, size (mb): 0, remaining (mb): 399}
samples: 1
max:     3
average: 3.0
median:  3
org.directcache.test.PerformanceTest.fillCacheUpToHalfCapacity
23:59:24.422 [main] DEBUG org.directcache.test.PerformanceTest.fillCacheUpToHalfCapacity - DirectCache {entries: 49146, capacity (mb): 400, size (mb): 200, remaining (mb): 0}
samples: 1
max:     8249
average: 8249.0
median:  8249
org.directcache.test.PerformanceTest.testAllAgain
23:59:25.266 [main] DEBUG org.directcache.test.PerformanceTest.testAll - all objects checked
23:59:25.266 [main] DEBUG org.directcache.test.PerformanceTest.testAll - DirectCache {entries: 49146, capacity (mb): 400, size (mb): 200, remaining (mb): 0}
samples: 1
max:     846
average: 846.0
median:  846
org.directcache.test.PerformanceTest.onlyReads
samples: 159311
max:     29
average: 0.19261067973962878
median:  0
org.directcache.test.PerformanceTest.onlyWrites
samples: 18384
max:     40
average: 0.07789382071366406
median:  0
org.directcache.test.PerformanceTest.tenReadsOneWriteOneDelete
samples: 16277
max:     48
average: 2.5745530503163976
median:  2
org.directcache.test.PerformanceTest.fiveReadsOneWriteOneDelete
samples: 16654
max:     60
average: 2.5189143749249427
median:  2
org.directcache.test.PerformanceTest.twoReadsOneWriteOneDelete
samples: 5943
max:     67
average: 7.905771495877503
median:  7
org.directcache.test.PerformanceTest.oneReadOneWriteOneDelete
samples: 4318
max:     73
average: 11.077350625289485
median:  11
org.directcache.test.PerformanceTest.testAllOnceAgain
00:00:15.907 [main] DEBUG org.directcache.test.PerformanceTest.testAll - all objects checked
00:00:15.907 [main] DEBUG org.directcache.test.PerformanceTest.testAll - DirectCache {entries: 76026, capacity (mb): 400, size (mb): 309, remaining (mb): -218}
samples: 1
max:     71
average: 71.0
median:  71
00:00:15.907 [main] DEBUG org.directcache.test.PerformanceTest.checkBuffer - DirectCache {entries: 76026, capacity (mb): 400, size (mb): 309, remaining (mb): -218}
]]></system-out>

      <system-err />

  </testsuite>
  <testsuite errors="10" failures="0" hostname="PO042D9417" id="1" name="PerformanceWithSmallBuffersTest" package="org.directcache.test" tests="15" time="141.451" timestamp="2010-12-14T14:46:56">
      <properties>
[...]
</properties>

      <testcase classname="org.directcache.test.PerformanceWithSmallBuffersTest" name="firstAndLargestItem" time="0.032" />

      <testcase classname="org.directcache.test.PerformanceWithSmallBuffersTest" name="onlyWrites" time="10.932">
          <error message="The maximum latency of 1500.0 ms was exceeded, Measured: 4226 ms" type="org.databene.contiperf.PerfTestFailure">org.databene.contiperf.PerfTestFailure: The maximum latency of 1500.0 ms was exceeded, Measured: 4226 ms
	at org.databene.contiperf.PerformanceTracker.checkRequirements(PerformanceTracker.java:103)
	at org.databene.contiperf.PerformanceTracker.stop(PerformanceTracker.java:92)
	at org.databene.contiperf.junit.PerfTestStatement.evaluate(PerfTestStatement.java:75)
</error>

      </testcase>

      <testcase classname="org.directcache.test.PerformanceWithSmallBuffersTest" name="onlyWrites10Threads" time="10.573">
          <error message="The maximum latency of 1500.0 ms was exceeded, Measured: 3616 ms" type="org.databene.contiperf.PerfTestFailure">org.databene.contiperf.PerfTestFailure: The maximum latency of 1500.0 ms was exceeded, Measured: 3616 ms
	at org.databene.contiperf.PerformanceTracker.checkRequirements(PerformanceTracker.java:103)
	at org.databene.contiperf.PerformanceTracker.stop(PerformanceTracker.java:92)
	at org.databene.contiperf.junit.PerfTestStatement.evaluate(PerfTestStatement.java:75)
</error>

      </testcase>

      <testcase classname="org.directcache.test.PerformanceWithSmallBuffersTest" name="onlyWrites20Threads" time="12.276">
          <error message="The maximum latency of 1500.0 ms was exceeded, Measured: 4271 ms" type="org.databene.contiperf.PerfTestFailure">org.databene.contiperf.PerfTestFailure: The maximum latency of 1500.0 ms was exceeded, Measured: 4271 ms
	at org.databene.contiperf.PerformanceTracker.checkRequirements(PerformanceTracker.java:103)
	at org.databene.contiperf.PerformanceTracker.stop(PerformanceTracker.java:92)
	at org.databene.contiperf.junit.PerfTestStatement.evaluate(PerfTestStatement.java:75)
</error>

      </testcase>

      <testcase classname="org.directcache.test.PerformanceWithSmallBuffersTest" name="testAll" time="5.638" />

      <testcase classname="org.directcache.test.PerformanceWithSmallBuffersTest" name="onlyReads" time="10.011" />

      <testcase classname="org.directcache.test.PerformanceWithSmallBuffersTest" name="onlyReads10Threads" time="10.073" />

      <testcase classname="org.directcache.test.PerformanceWithSmallBuffersTest" name="onlyReads20Threads" time="11.386">
          <error message="The maximum latency of 750.0 ms was exceeded, Measured: 1551 ms" type="org.databene.contiperf.PerfTestFailure">org.databene.contiperf.PerfTestFailure: The maximum latency of 750.0 ms was exceeded, Measured: 1551 ms
	at org.databene.contiperf.PerformanceTracker.checkRequirements(PerformanceTracker.java:103)
	at org.databene.contiperf.PerformanceTracker.stop(PerformanceTracker.java:92)
	at org.databene.contiperf.junit.PerfTestStatement.evaluate(PerfTestStatement.java:75)
</error>

      </testcase>

      <testcase classname="org.directcache.test.PerformanceWithSmallBuffersTest" name="twentyReadsOneWriteOneDelete" time="10.292">
          <error message="The maximum latency of 1500.0 ms was exceeded, Measured: 1784 ms" type="org.databene.contiperf.PerfTestFailure">org.databene.contiperf.PerfTestFailure: The maximum latency of 1500.0 ms was exceeded, Measured: 1784 ms
	at org.databene.contiperf.PerformanceTracker.checkRequirements(PerformanceTracker.java:103)
	at org.databene.contiperf.PerformanceTracker.stop(PerformanceTracker.java:92)
	at org.databene.contiperf.junit.PerfTestStatement.evaluate(PerfTestStatement.java:75)
</error>

      </testcase>

      <testcase classname="org.directcache.test.PerformanceWithSmallBuffersTest" name="twentyReadsOneWriteOneDelete10Threads" time="11.417">
          <error message="The maximum latency of 1500.0 ms was exceeded, Measured: 3540 ms" type="org.databene.contiperf.PerfTestFailure">org.databene.contiperf.PerfTestFailure: The maximum latency of 1500.0 ms was exceeded, Measured: 3540 ms
	at org.databene.contiperf.PerformanceTracker.checkRequirements(PerformanceTracker.java:103)
	at org.databene.contiperf.PerformanceTracker.stop(PerformanceTracker.java:92)
	at org.databene.contiperf.junit.PerfTestStatement.evaluate(PerfTestStatement.java:75)
</error>

      </testcase>

      <testcase classname="org.directcache.test.PerformanceWithSmallBuffersTest" name="twentyReadsOneWriteOneDelete20Threads" time="12.01">
          <error message="The maximum latency of 1500.0 ms was exceeded, Measured: 8181 ms" type="org.databene.contiperf.PerfTestFailure">org.databene.contiperf.PerfTestFailure: The maximum latency of 1500.0 ms was exceeded, Measured: 8181 ms
	at org.databene.contiperf.PerformanceTracker.checkRequirements(PerformanceTracker.java:103)
	at org.databene.contiperf.PerformanceTracker.stop(PerformanceTracker.java:92)
	at org.databene.contiperf.junit.PerfTestStatement.evaluate(PerfTestStatement.java:75)
</error>

      </testcase>

      <testcase classname="org.directcache.test.PerformanceWithSmallBuffersTest" name="testAllOnceAgain" time="5.294" />

      <testcase classname="org.directcache.test.PerformanceWithSmallBuffersTest" name="twoReadsOneWriteOneDelete" time="10.417">
          <error message="The maximum latency of 1500.0 ms was exceeded, Measured: 1780 ms" type="org.databene.contiperf.PerfTestFailure">org.databene.contiperf.PerfTestFailure: The maximum latency of 1500.0 ms was exceeded, Measured: 1780 ms
	at org.databene.contiperf.PerformanceTracker.checkRequirements(PerformanceTracker.java:103)
	at org.databene.contiperf.PerformanceTracker.stop(PerformanceTracker.java:92)
	at org.databene.contiperf.junit.PerfTestStatement.evaluate(PerfTestStatement.java:75)
</error>

      </testcase>

      <testcase classname="org.directcache.test.PerformanceWithSmallBuffersTest" name="twoReadsOneWriteOneDelete10Threads" time="10.23">
          <error message="The maximum latency of 1500.0 ms was exceeded, Measured: 2906 ms" type="org.databene.contiperf.PerfTestFailure">org.databene.contiperf.PerfTestFailure: The maximum latency of 1500.0 ms was exceeded, Measured: 2906 ms
	at org.databene.contiperf.PerformanceTracker.checkRequirements(PerformanceTracker.java:103)
	at org.databene.contiperf.PerformanceTracker.stop(PerformanceTracker.java:92)
	at org.databene.contiperf.junit.PerfTestStatement.evaluate(PerfTestStatement.java:75)
</error>

      </testcase>

      <testcase classname="org.directcache.test.PerformanceWithSmallBuffersTest" name="twoReadsOneWriteOneDelete20Threads" time="10.792">
          <error message="The maximum latency of 1500.0 ms was exceeded, Measured: 8181 ms" type="org.databene.contiperf.PerfTestFailure">org.databene.contiperf.PerfTestFailure: The maximum latency of 1500.0 ms was exceeded, Measured: 8181 ms
	at org.databene.contiperf.PerformanceTracker.checkRequirements(PerformanceTracker.java:103)
	at org.databene.contiperf.PerformanceTracker.stop(PerformanceTracker.java:92)
	at org.databene.contiperf.junit.PerfTestStatement.evaluate(PerfTestStatement.java:75)
</error>

      </testcase>

      <system-out><![CDATA[15:46:56.169 [main] DEBUG org.directcache.test.PerformanceWithSmallBuffersTest.allocateMemory - using mb2useFromCommandLine=400
15:46:56.169 [main] DEBUG org.directcache.test.PerformanceWithSmallBuffersTest.allocateMemory - cacheSize=419430400
15:46:56.184 [main] DEBUG org.directcache.test.PerformanceWithSmallBuffersTest.allocateMemory - DirectCache {entries: 0, size (mb): 0, remaining (mb): 0}
org.directcache.test.PerformanceWithSmallBuffersTest.firstAndLargestItem
15:46:56.216 [main] DEBUG org.directcache.test.PerformanceWithSmallBuffersTest.firstAndLargestItem - DirectCache {entries: 1, size (mb): 0, remaining (mb): 0}
samples: 1
max:     21
average: 21.0
median:  21
org.directcache.test.PerformanceWithSmallBuffersTest.onlyWrites
samples: 126104
max:     4226
average: 0.3085231237708558
median:  0
org.directcache.test.PerformanceWithSmallBuffersTest.onlyWrites10Threads
samples: 309
max:     3616
average: 112.85436893203884
median:  0
org.directcache.test.PerformanceWithSmallBuffersTest.onlyWrites20Threads
samples: 916
max:     4271
average: 26.405021834061134
median:  0
org.directcache.test.PerformanceWithSmallBuffersTest.testAll
15:47:35.619 [main] DEBUG org.directcache.test.PerformanceWithSmallBuffersTest.testAll - **** computed size is: 536689724
15:47:35.635 [main] DEBUG org.directcache.test.PerformanceWithSmallBuffersTest.testAll - DirectCache {entries: 126128, size (mb): 511, remaining (mb): 0}
samples: 1
max:     5620
average: 5620.0
median:  5620
org.directcache.test.PerformanceWithSmallBuffersTest.onlyReads
samples: 325422
max:     272
average: 0.10032818924350535
median:  0
org.directcache.test.PerformanceWithSmallBuffersTest.onlyReads10Threads
samples: 319347
max:     601
average: 0.2468693928547943
median:  0
org.directcache.test.PerformanceWithSmallBuffersTest.onlyReads20Threads
samples: 344882
max:     1551
average: 0.5214334178066701
median:  0
org.directcache.test.PerformanceWithSmallBuffersTest.twentyReadsOneWriteOneDelete
samples: 1166
max:     1784
average: 43.367924528301884
median:  0
org.directcache.test.PerformanceWithSmallBuffersTest.twentyReadsOneWriteOneDelete10Threads
samples: 2029
max:     3540
average: 52.300640709709214
median:  0
org.directcache.test.PerformanceWithSmallBuffersTest.twentyReadsOneWriteOneDelete20Threads
samples: 1366
max:     8181
average: 95.40190336749635
median:  0
org.directcache.test.PerformanceWithSmallBuffersTest.testAllOnceAgain
15:48:46.087 [main] DEBUG org.directcache.test.PerformanceWithSmallBuffersTest.testAll - **** computed size is: 535129653
15:48:46.102 [main] DEBUG org.directcache.test.PerformanceWithSmallBuffersTest.testAll - DirectCache {entries: 121595, size (mb): 510, remaining (mb): 0}
samples: 1
max:     5285
average: 5285.0
median:  5285
org.directcache.test.PerformanceWithSmallBuffersTest.twoReadsOneWriteOneDelete
samples: 7747
max:     1780
average: 5.490770620885504
median:  0
org.directcache.test.PerformanceWithSmallBuffersTest.twoReadsOneWriteOneDelete10Threads
samples: 4702
max:     2906
average: 20.61144193960017
median:  0
org.directcache.test.PerformanceWithSmallBuffersTest.twoReadsOneWriteOneDelete20Threads
samples: 5083
max:     8181
average: 35.52803462522132
median:  0
15:49:17.572 [main] DEBUG org.directcache.test.PerformanceWithSmallBuffersTest.checkBuffer - DirectCache {entries: 107830, size (mb): 506, remaining (mb): 0}
]]></system-out>

      <system-err />

  </testsuite>
</testsuites>
